<?xml version="1.0" encoding="UTF-8"?>
<testng-results skipped="0" failed="0" ignored="0" total="1" passed="1">
  <reporter-output>
  </reporter-output>
  <suite name="Default suite" duration-ms="2961" started-at="2018-07-24T11:12:12Z" finished-at="2018-07-24T11:12:15Z">
    <groups>
    </groups>
    <test name="Default test" duration-ms="2961" started-at="2018-07-24T11:12:12Z" finished-at="2018-07-24T11:12:15Z">
      <class name="test.api.automation.TC_001_GetMethod">
        <test-method status="PASS" signature="tc_001_getMethod_Validation()[pri:0, instance:test.api.automation.TC_001_GetMethod@523884b2]" name="tc_001_getMethod_Validation" duration-ms="2836" started-at="2018-07-24T16:42:12Z" finished-at="2018-07-24T16:42:15Z">
          <reporter-output>
          </reporter-output>
        </test-method> <!-- tc_001_getMethod_Validation -->
      </class> <!-- test.api.automation.TC_001_GetMethod -->
    </test> <!-- Default test -->
  </suite> <!-- Default suite -->
</testng-results>
